<?xml version="1.0" encoding="UTF-8"?>
<testsuite xmlns:xsi="http://www.w3.org/2001/XMLSchema-instance" xsi:noNamespaceSchemaLocation="https://maven.apache.org/surefire/maven-surefire-plugin/xsd/surefire-test-report.xsd" name="com.objis.demomaven.AppTest" time="0.037" tests="1" errors="0" skipped="0" failures="0">
  <properties>
    <property name="java.specification.version" value="15"/>
    <property name="sun.cpu.isalist" value="amd64"/>
    <property name="sun.jnu.encoding" value="Cp1252"/>
    <property name="java.class.path" value="C:\Users\Allan\Documents\TpMaven\Tp4\monappli\monappli-service\target\test-classes;C:\Users\Allan\Documents\TpMaven\Tp4\monappli\monappli-service\target\classes;C:\Users\Allan\.m2\repository\junit\junit\4.11\junit-4.11.jar;C:\Users\Allan\.m2\repository\org\hamcrest\hamcrest-core\1.3\hamcrest-core-1.3.jar;C:\Users\Allan\Documents\TpMaven\Tp4\monappli\monappli-dao\target\monappli-dao-1.0-SNAPSHOT.jar;C:\Users\Allan\Documents\TpMaven\Tp4\monappli\monappli-domaine\target\monappli-domaine-1.0-SNAPSHOT.jar;C:\Users\Allan\.m2\repository\org\hibernate\hibernate-core\4.2.0.Final\hibernate-core-4.2.0.Final.jar;C:\Users\Allan\.m2\repository\antlr\antlr\2.7.7\antlr-2.7.7.jar;C:\Users\Allan\.m2\repository\org\jboss\logging\jboss-logging\3.1.0.GA\jboss-logging-3.1.0.GA.jar;C:\Users\Allan\.m2\repository\org\jboss\spec\javax\transaction\jboss-transaction-api_1.1_spec\1.0.0.Final\jboss-transaction-api_1.1_spec-1.0.0.Final.jar;C:\Users\Allan\.m2\repository\dom4j\dom4j\1.6.1\dom4j-1.6.1.jar;C:\Users\Allan\.m2\repository\org\hibernate\javax\persistence\hibernate-jpa-2.0-api\1.0.1.Final\hibernate-jpa-2.0-api-1.0.1.Final.jar;C:\Users\Allan\.m2\repository\org\javassist\javassist\3.15.0-GA\javassist-3.15.0-GA.jar;C:\Users\Allan\.m2\repository\org\hibernate\common\hibernate-commons-annotations\4.0.1.Final\hibernate-commons-annotations-4.0.1.Final.jar;"/>
    <property name="java.vm.vendor" value="Oracle Corporation"/>
    <property name="sun.arch.data.model" value="64"/>
    <property name="user.variant" value=""/>
    <property name="java.vendor.url" value="https://java.oracle.com/"/>
    <property name="user.timezone" value="Europe/Paris"/>
    <property name="os.name" value="Windows 10"/>
    <property name="java.vm.specification.version" value="15"/>
    <property name="sun.java.launcher" value="SUN_STANDARD"/>
    <property name="user.country" value="FR"/>
    <property name="sun.boot.library.path" value="C:\Program Files\OpenJDK\jdk-15.0.2\bin"/>
    <property name="sun.java.command" value="C:\Users\Allan\AppData\Local\Temp\surefire12416850191168556972\surefirebooter6347589219052629590.jar C:\Users\Allan\AppData\Local\Temp\surefire12416850191168556972 2021-02-19T12-18-23_663-jvmRun1 surefire6900719085607048564tmp surefire_28796396994619605522tmp"/>
    <property name="jdk.debug" value="release"/>
    <property name="surefire.test.class.path" value="C:\Users\Allan\Documents\TpMaven\Tp4\monappli\monappli-service\target\test-classes;C:\Users\Allan\Documents\TpMaven\Tp4\monappli\monappli-service\target\classes;C:\Users\Allan\.m2\repository\junit\junit\4.11\junit-4.11.jar;C:\Users\Allan\.m2\repository\org\hamcrest\hamcrest-core\1.3\hamcrest-core-1.3.jar;C:\Users\Allan\Documents\TpMaven\Tp4\monappli\monappli-dao\target\monappli-dao-1.0-SNAPSHOT.jar;C:\Users\Allan\Documents\TpMaven\Tp4\monappli\monappli-domaine\target\monappli-domaine-1.0-SNAPSHOT.jar;C:\Users\Allan\.m2\repository\org\hibernate\hibernate-core\4.2.0.Final\hibernate-core-4.2.0.Final.jar;C:\Users\Allan\.m2\repository\antlr\antlr\2.7.7\antlr-2.7.7.jar;C:\Users\Allan\.m2\repository\org\jboss\logging\jboss-logging\3.1.0.GA\jboss-logging-3.1.0.GA.jar;C:\Users\Allan\.m2\repository\org\jboss\spec\javax\transaction\jboss-transaction-api_1.1_spec\1.0.0.Final\jboss-transaction-api_1.1_spec-1.0.0.Final.jar;C:\Users\Allan\.m2\repository\dom4j\dom4j\1.6.1\dom4j-1.6.1.jar;C:\Users\Allan\.m2\repository\org\hibernate\javax\persistence\hibernate-jpa-2.0-api\1.0.1.Final\hibernate-jpa-2.0-api-1.0.1.Final.jar;C:\Users\Allan\.m2\repository\org\javassist\javassist\3.15.0-GA\javassist-3.15.0-GA.jar;C:\Users\Allan\.m2\repository\org\hibernate\common\hibernate-commons-annotations\4.0.1.Final\hibernate-commons-annotations-4.0.1.Final.jar;"/>
    <property name="sun.cpu.endian" value="little"/>
    <property name="user.home" value="C:\Users\Allan"/>
    <property name="user.language" value="fr"/>
    <property name="java.specification.vendor" value="Oracle Corporation"/>
    <property name="java.version.date" value="2021-01-19"/>
    <property name="java.home" value="C:\Program Files\OpenJDK\jdk-15.0.2"/>
    <property name="file.separator" value="\"/>
    <property name="basedir" value="C:\Users\Allan\Documents\TpMaven\Tp4\monappli\monappli-service"/>
    <property name="java.vm.compressedOopsMode" value="32-bit"/>
    <property name="line.separator" value="&#10;"/>
    <property name="java.vm.specification.vendor" value="Oracle Corporation"/>
    <property name="java.specification.name" value="Java Platform API Specification"/>
    <property name="surefire.real.class.path" value="C:\Users\Allan\AppData\Local\Temp\surefire12416850191168556972\surefirebooter6347589219052629590.jar"/>
    <property name="user.script" value=""/>
    <property name="sun.management.compiler" value="HotSpot 64-Bit Tiered Compilers"/>
    <property name="java.runtime.version" value="15.0.2+7-27"/>
    <property name="user.name" value="Allan"/>
    <property name="path.separator" value=";"/>
    <property name="os.version" value="10.0"/>
    <property name="java.runtime.name" value="OpenJDK Runtime Environment"/>
    <property name="file.encoding" value="Cp1252"/>
    <property name="java.vm.name" value="OpenJDK 64-Bit Server VM"/>
    <property name="localRepository" value="C:\Users\Allan\.m2\repository"/>
    <property name="java.vendor.url.bug" value="https://bugreport.java.com/bugreport/"/>
    <property name="java.io.tmpdir" value="C:\Users\Allan\AppData\Local\Temp\"/>
    <property name="java.version" value="15.0.2"/>
    <property name="user.dir" value="C:\Users\Allan\Documents\TpMaven\Tp4\monappli\monappli-service"/>
    <property name="os.arch" value="amd64"/>
    <property name="java.vm.specification.name" value="Java Virtual Machine Specification"/>
    <property name="sun.os.patch.level" value=""/>
    <property name="java.library.path" value="C:\Program Files\OpenJDK\jdk-15.0.2\bin;C:\Windows\Sun\Java\bin;C:\Windows\system32;C:\Windows;C:\Program Files (x86)\Common Files\Oracle\Java\javapath;C:\Windows\system32;C:\Windows;C:\Windows\System32\Wbem;C:\Windows\System32\WindowsPowerShell\v1.0\;C:\Windows\System32\OpenSSH\;C:\Program Files\nodejs\;C:\Program Files\Git\cmd;C:\Program Files\MySQL\MySQL Server 8.0\bin;C:\Users\Allan\Documents\php;C:\ProgramData\ComposerSetup\bin;C:\Program Files\Symfony;C:\Program Files\PuTTY\;C:\ProgramData\chocolatey\bin;C:\apache-maven-3.6.3-bin\bin;C:\Program Files\OpenJDK\jdk-15.0.2\bin;C:\Users\Allan\AppData\Local\Microsoft\WindowsApps;C:\Users\Allan\AppData\Roaming\npm;C:\Users\Allan\AppData\Local\Programs\Microsoft VS Code\bin;C:\Program Files\JetBrains\IntelliJ IDEA 2020.2.1\bin;;C:\Users\Allan\AppData\Roaming\Composer\vendor\bin;C:\Program Files\Java\jdk1.8.0_271\bin;C:\apache-maven-3.6.3-bin\bin;C:\apache-maven-3.6.3-bin\apache-maven-3.6.3\bin;;."/>
    <property name="java.vm.info" value="mixed mode, sharing"/>
    <property name="java.vendor" value="Oracle Corporation"/>
    <property name="java.vm.version" value="15.0.2+7-27"/>
    <property name="sun.io.unicode.encoding" value="UnicodeLittle"/>
    <property name="java.class.version" value="59.0"/>
  </properties>
  <testcase name="shouldAnswerWithTrue" classname="com.objis.demomaven.AppTest" time="0.001"/>
</testsuite>